 my-com-android --username dongfanglinglong@gmail.com/DICOS/proguard/mapping.txt
com.dongfang.dicos.DicosMainActivity -> com.dongfang.dicos.DicosMainActivity:
    android.widget.RadioGroup radioGroup -> a
    android.widget.TabHost tabHost -> b
    void onCreate(android.os.Bundle) -> onCreate
    void onStart() -> onStart
    void onResume() -> onResume
    void onCheckedChanged(android.widget.RadioGroup,int) -> onCheckedChanged
com.dongfang.dicos.DiscountCouponActivity -> com.dongfang.dicos.DiscountCouponActivity:
    void onCreate(android.os.Bundle) -> onCreate
    void onStart() -> onStart
    void onResume() -> onResume
    void onPause() -> onPause
    void onStop() -> onStop
    void onDestroy() -> onDestroy
com.dongfang.dicos.FirstpageActivity -> com.dongfang.dicos.FirstpageActivity:
    java.lang.Runnable gotoMain -> a
    void onCreate(android.os.Bundle) -> onCreate
    void onStart() -> onStart
    void onResume() -> onResume
com.dongfang.dicos.FirstpageActivity$1 -> com.dongfang.dicos.a:
    com.dongfang.dicos.FirstpageActivity this$0 -> a
    void run() -> run
com.dongfang.dicos.KaZiMeiWeiActivity -> com.dongfang.dicos.KaZiMeiWeiActivity:
    android.widget.TextView tvTitle -> a
    android.widget.Button bLogin -> b
    android.widget.Button bSigne -> c
    android.widget.Button bIpad3 -> d
    android.widget.ImageSwitcher vfInfo -> e
    int[] array_img_name -> f
    int array_param -> g
    android.view.GestureDetector gestureDetector -> h
    void onCreate(android.os.Bundle) -> onCreate
    void onStart() -> onStart
    void onResume() -> onResume
    void onClick(android.view.View) -> onClick
    android.view.View makeView() -> makeView
    void showImage() -> a
    android.view.GestureDetector access$0(com.dongfang.dicos.KaZiMeiWeiActivity) -> a
    void access$1(com.dongfang.dicos.KaZiMeiWeiActivity) -> b
    void access$2(com.dongfang.dicos.KaZiMeiWeiActivity) -> c
com.dongfang.dicos.KaZiMeiWeiActivity$MyGestureDetector -> com.dongfang.dicos.b:
    com.dongfang.dicos.KaZiMeiWeiActivity this$0 -> a
    boolean onFling(android.view.MotionEvent,android.view.MotionEvent,float,float) -> onFling
    boolean onDown(android.view.MotionEvent) -> onDown
    void onShowPress(android.view.MotionEvent) -> onShowPress
    void onLongPress(android.view.MotionEvent) -> onLongPress
    boolean onSingleTapConfirmed(android.view.MotionEvent) -> onSingleTapConfirmed
    boolean onSingleTapUp(android.view.MotionEvent) -> onSingleTapUp
    boolean onScroll(android.view.MotionEvent,android.view.MotionEvent,float,float) -> onScroll
com.dongfang.dicos.KaZiMeiWeiActivity$MyOnTouchListener -> com.dongfang.dicos.c:
    com.dongfang.dicos.KaZiMeiWeiActivity this$0 -> a
    boolean onTouch(android.view.View,android.view.MotionEvent) -> onTouch
com.dongfang.dicos.MoreActivity -> com.dongfang.dicos.MoreActivity:
    android.widget.Button bTongbu -> a
    android.widget.Button bTuisong -> b
    android.widget.Button bChengshi -> c
    android.widget.Button bFeedback -> d
    android.widget.Button bExit -> e
    android.widget.Button bBack -> f
    com.dongfang.dicos.MoreActivity$MoreHandler handler -> g
    android.widget.TextView tvBanben -> h
    void onCreate(android.os.Bundle) -> onCreate
    void onClick(android.view.View) -> onClick
    android.widget.Button access$0(com.dongfang.dicos.MoreActivity) -> a
    com.dongfang.dicos.MoreActivity$MoreHandler access$1(com.dongfang.dicos.MoreActivity) -> b
com.dongfang.dicos.MoreActivity$1 -> com.dongfang.dicos.d:
    com.dongfang.dicos.MoreActivity this$0 -> a
    void onClick(android.content.DialogInterface,int) -> onClick
com.dongfang.dicos.MoreActivity$2 -> com.dongfang.dicos.e:
    com.dongfang.dicos.MoreActivity this$0 -> a
    void onClick(android.content.DialogInterface,int) -> onClick
com.dongfang.dicos.MoreActivity$MoreHandler -> com.dongfang.dicos.f:
    com.dongfang.dicos.MoreActivity this$0 -> a
    void handleMessage(android.os.Message) -> handleMessage
...
com.baidu.mapapi.MKGeneralListener -> com.baidu.mapapi.i:
com.baidu.mapapi.MKLocationManager -> com.baidu.mapapi.j:
    android.location.Location a -> a
    android.location.Location b -> b
    long c -> c
    long d -> d
    java.util.List e -> e
    java.util.List f -> f
    android.hardware.SensorEventListener g -> g
    boolean a(com.baidu.mapapi.BMapManager) -> a
    void a() -> a
    boolean enableProvider(int) -> a
    void b() -> b
    boolean setNotifyInternal$255f299() -> c
    android.location.Location getLocationInfo() -> d
    void requestLocationUpdates(com.baidu.mapapi.LocationListener) -> a
    void removeUpdates(com.baidu.mapapi.LocationListener) -> b
    boolean a(android.hardware.SensorEventListener) -> a
    void b(android.hardware.SensorEventListener) -> b
    void e() -> e
    java.util.List a(com.baidu.mapapi.MKLocationManager) -> a
com.baidu.mapapi.MKLocationManager$1 -> com.baidu.mapapi.k:
    com.baidu.mapapi.MKLocationManager a -> a
    void onSensorChanged(android.hardware.SensorEvent) -> onSensorChanged
    void onAccuracyChanged(android.hardware.Sensor,int) -> onAccuracyChanged
com.baidu.mapapi.MapActivity -> com.baidu.mapapi.MapActivity:
    com.baidu.mapapi.MapView a -> a
    void onNewIntent(android.content.Intent) -> onNewIntent
    void onCreate(android.os.Bundle) -> onCreate
    boolean a(com.baidu.mapapi.MapView) -> a
    boolean initMapActivity(com.baidu.mapapi.BMapManager) -> a
    void onDestroy() -> onDestroy
    void onPause() -> onPause
    void onResume() -> onResume
com.baidu.mapapi.MapController -> com.baidu.mapapi.l:
    com.baidu.mapapi.MapView a -> a
    boolean onKey(android.view.View,int,android.view.KeyEvent) -> onKey
    void scrollBy(int,int) -> a
com.baidu.mapapi.MapView -> com.baidu.mapapi.MapView:
    com.baidu.mapapi.GeoPoint c -> c
    int d -> d
    int e -> e
    int f -> f
    int g -> g
    boolean h -> h
    boolean i -> i
    android.os.Message j -> j
    java.lang.Runnable k -> k
    com.baidu.mapapi.MapActivity l -> l
    com.baidu.mapapi.MapController m -> m
    com.baidu.mapapi.d a -> a
    android.widget.ZoomControls n -> n
    android.widget.ImageView o -> o
    com.baidu.mapapi.a b -> b
    boolean a(android.content.Context) -> a
    boolean a() -> a
    void b() -> b
    boolean checkLayoutParams(android.view.ViewGroup$LayoutParams) -> checkLayoutParams
    void computeScroll() -> computeScroll
    android.view.ViewGroup$LayoutParams generateDefaultLayoutParams() -> generateDefaultLayoutParams
    android.view.ViewGroup$LayoutParams generateLayoutParams(android.util.AttributeSet) -> generateLayoutParams
    android.view.ViewGroup$LayoutParams generateLayoutParams(android.view.ViewGroup$LayoutParams) -> generateLayoutParams
    java.util.List getOverlays() -> c
    com.baidu.mapapi.Projection getProjection() -> d
    void setDoubleClickZooming(boolean) -> setDoubleClickZooming
    int getZoomLevel() -> e
    void onDetachedFromWindow() -> onDetachedFromWindow
    void onFocusChanged(boolean,int,android.graphics.Rect) -> onFocusChanged
    boolean onKeyDown(int,android.view.KeyEvent) -> onKeyDown
    boolean onKeyUp(int,android.view.KeyEvent) -> onKeyUp
com.baidu.mapapi.MapView$1 -> com.baidu.mapapi.m:
    com.baidu.mapapi.MapView a -> a
    void onClick(android.view.View) -> onClick
com.baidu.mapapi.MapView$2 -> com.baidu.mapapi.n:
    com.baidu.mapapi.MapView a -> a
    void onClick(android.view.View) -> onClick
com.baidu.mapapi.MapView$LayoutParams -> com.baidu.mapapi.MapView$LayoutParams:
    int mode -> a
    com.baidu.mapapi.GeoPoint point -> b
    int x -> c
    int y -> d
    int alignment -> e