 my-com-android --username dongfanglinglong@gmail.com/DICOS/proguard/usage.txt
com.dongfang.dicos.BuildConfig
com.dongfang.dicos.DicosMainActivity:
    public static final java.lang.String tag
    public static final java.lang.String TAB_ITEM_1
    public static final java.lang.String TAB_ITEM_2
    public static final java.lang.String TAB_ITEM_3
    public static final java.lang.String TAB_ITEM_4
    public static final java.lang.String TAB_ITEM_5
com.dongfang.dicos.KaZiMeiWeiActivity:
    public static final java.lang.String tag
com.dongfang.dicos.MoreActivity:
    public static final java.lang.String tag
com.dongfang.dicos.MyDicosActivity:
    public static final java.lang.String tag
com.dongfang.dicos.R
com.dongfang.dicos.R$anim
com.dongfang.dicos.R$array
com.dongfang.dicos.R$attr
com.dongfang.dicos.R$color
com.dongfang.dicos.R$dimen
com.dongfang.dicos.R$drawable
com.dongfang.dicos.R$id
com.dongfang.dicos.R$layout
com.dongfang.dicos.R$string
com.dongfang.dicos.R$style
com.dongfang.dicos.StoreSearchActivity:
    public static final java.lang.String tag
com.dongfang.dicos.kaixin.AsyncKaixin
com.dongfang.dicos.kaixin.AsyncKaixin$1
com.dongfang.dicos.kaixin.AsyncKaixin$2
com.dongfang.dicos.kaixin.AsyncKaixinListener
com.dongfang.dicos.kaixin.BaseParameter
com.dongfang.dicos.kaixin.Constant
com.dongfang.dicos.kaixin.Kaixin:
    private static final java.lang.String tag
    public static final java.lang.String API_KEY
    public static final java.lang.String SECRET_KEY
    private static final java.lang.String KX_AUTHORIZE_URL
    private static final java.lang.String OAUTH_VERSION
    public static final java.lang.String SESSION_KEY
    public static final java.lang.String ACCESS_TOKEN
    public static final java.lang.String REFRESH_TOKEN
    public static final java.lang.String EXPIRES_IN
    public static final java.lang.String ACCESS_DENIED
    public static final java.lang.String LOGIN_DENIED
    private static final java.lang.String KAIXIN_SDK_STORAGE
    private static final java.lang.String KAIXIN_SDK_STORAGE_ACCESS_TOKEN
    private static final java.lang.String KAIXIN_SDK_STORAGE_REFRESH_TOKEN
    private static final java.lang.String KAIXIN_SDK_STORAGE_EXPIRES
    private static final long ONE_HOUR
    182:183:public void authorize(android.content.Context,com.dongfang.dicos.kaixin.KaixinAuthListener)
    193:198:public void authorize(android.content.Context,java.lang.String[],com.dongfang.dicos.kaixin.KaixinAuthListener)
    251:338:private void authorize(android.content.Context,java.lang.String[],com.dongfang.dicos.kaixin.KaixinAuthListener,java.lang.String,java.lang.String)
    363:363:public java.lang.String getRefreshToken()
    399:414:public java.lang.String refreshAccessToken(android.content.Context,java.lang.String[])
com.dongfang.dicos.kaixin.Kaixin$3
com.dongfang.dicos.kaixin.KaixinAuthError:
    private static final long serialVersionUID
    41:41:public org.json.JSONObject getJSONObjectError()
    45:59:public static org.json.JSONObject genJSONObjectError(java.lang.String,java.lang.String,java.lang.String)
    63:63:public java.lang.String getError()
    71:71:public java.lang.String getErrorUri()
com.dongfang.dicos.kaixin.KaixinDialog
com.dongfang.dicos.kaixin.KaixinDialog$KaixinWebViewClient
com.dongfang.dicos.kaixin.KaixinDialogListener
com.dongfang.dicos.kaixin.KaixinError:
    private static final long serialVersionUID
    33:34:public KaixinError(java.lang.String)
    44:44:public int getErrorCode()
    48:48:public java.lang.String getRequest()
    52:52:public java.lang.String getResponse()
com.dongfang.dicos.kaixin.PostRecordTask:
    private static final java.lang.String TAG
    private static final java.lang.String RESTAPI_INTERFACE_POSTRECORD
com.dongfang.dicos.kaixin.UtilKaiXin:
    public static final java.lang.String LOG_TAG
    private static final int UPLOAD_BUFFER_SIZE
    51:51:public UtilKaiXin()
    397:408:public static boolean isContainChinese(java.lang.String)
...
android.annotation.SuppressLint
android.annotation.TargetApi
com.baidu.mapapi.CoordinateConvert:
    public CoordinateConvert()
com.baidu.mapapi.ItemizedOverlay:
    public ItemizedOverlay(android.graphics.drawable.Drawable)
    protected static android.graphics.drawable.Drawable boundCenterBottom(android.graphics.drawable.Drawable)
    protected static android.graphics.drawable.Drawable boundCenter(android.graphics.drawable.Drawable)
    private static android.graphics.drawable.Drawable a(android.graphics.drawable.Drawable,com.baidu.mapapi.ItemizedOverlay$b)
    protected abstract com.baidu.mapapi.OverlayItem createItem(int)
    public abstract int size()
    public com.baidu.mapapi.GeoPoint getCenter()
    public int getLatSpanE6()
    public int getLonSpanE6()
    protected final void populate()
    public final int getLastFocusedIndex()
    public com.baidu.mapapi.OverlayItem nextFocus(boolean)
    public void setOnFocusChangeListener(com.baidu.mapapi.ItemizedOverlay$OnFocusChangeListener)
    public void setDrawFocusedItem(boolean)
    public boolean onSnapToItem(int,int,android.graphics.Point,com.baidu.mapapi.MapView)
com.baidu.mapapi.ItemizedOverlay$a:
    final synthetic com.baidu.mapapi.ItemizedOverlay a
    public ItemizedOverlay$a(com.baidu.mapapi.ItemizedOverlay)
    public final int a(boolean)
com.baidu.mapapi.ItemizedOverlay$b
com.baidu.mapapi.LocationListener:
    public abstract void onLocationChanged(android.location.Location)
com.baidu.mapapi.MKAddrInfo
com.baidu.mapapi.MKBusLineResult
com.baidu.mapapi.MKCityListInfo
com.baidu.mapapi.MKDrivingRouteResult
com.baidu.mapapi.MKEvent
com.baidu.mapapi.MKGeneralListener:
    public abstract void onGetNetworkState(int)
    public abstract void onGetPermissionState(int)
com.baidu.mapapi.MKGeocoderAddressComponent
com.baidu.mapapi.MKLine
com.baidu.mapapi.MKLocationManager:
    public static final int MK_GPS_PROVIDER
    public static final int MK_NETWORK_PROVIDER
    public static final int MK_COORDINATE_WGS84
    public static final int MK_COORDINATE_GCJ
    public static final int MK_COORDINATE_BAIDU09
    public boolean disableProvider(int)
    public android.os.Bundle getNotifyInternal()
    public void setLocationCoordinateType(int)
    void c()
com.baidu.mapapi.MKMapViewListener
com.baidu.mapapi.MKOLSearchRecord
com.baidu.mapapi.MKOLUpdateElement
com.baidu.mapapi.MKOfflineMap
com.baidu.mapapi.MKOfflineMapListener
com.baidu.mapapi.MKPlanNode
com.baidu.mapapi.MKPoiInfo
com.baidu.mapapi.MKPoiResult
com.baidu.mapapi.MKRoute
com.baidu.mapapi.MKRouteAddrResult
com.baidu.mapapi.MKRoutePlan
com.baidu.mapapi.MKSearch
com.baidu.mapapi.MKSearchListener
com.baidu.mapapi.MKStep
com.baidu.mapapi.MKSuggestionInfo
com.baidu.mapapi.MKSuggestionResult
com.baidu.mapapi.MKTransitRoutePlan
com.baidu.mapapi.MKTransitRouteResult
com.baidu.mapapi.MKWalkingRouteResult
com.baidu.mapapi.MapActivity:
    protected boolean isLocationDisplayed()
    protected abstract boolean isRouteDisplayed()
com.baidu.mapapi.MapController:
    public void animateTo(com.baidu.mapapi.GeoPoint)
    public void animateTo(com.baidu.mapapi.GeoPoint,android.os.Message)
    public void animateTo(com.baidu.mapapi.GeoPoint,java.lang.Runnable)
    public void setCenter(com.baidu.mapapi.GeoPoint)
    public int setZoom(int)
    public void stopAnimation(boolean)
    public void stopPanning()
    public boolean zoomIn()
    public boolean zoomInFixing(int,int)
    public boolean zoomOut()
    public boolean zoomOutFixing(int,int)
    public void zoomToSpan(int,int)